{"timestamp":"2025-02-11T04:33:04.297Z","service":"app","level":"info","message":"SSO Service running on port 3000"}
{"timestamp":"2025-02-11T04:34:30.620Z","service":"app","level":"info","message":"SSO Service running on port 3000"}
{"timestamp":"2025-02-11T04:34:58.061Z","service":"app","level":"info","message":"SSO Service running on port 3000"}
{"timestamp":"2025-02-11T04:35:51.902Z","service":"app","level":"info","message":"SSO Service running on port 3000"}
{"timestamp":"2025-02-11T04:35:54.385Z","service":"app","level":"info","message":"SSO Service running on port 3000"}
{"timestamp":"2025-02-11T04:36:43.924Z","service":"app","level":"info","message":"SSO Service running on port 3000"}
{"timestamp":"2025-02-11T04:41:22.239Z","service":"app","level":"info","message":"SSO Service running on port 3000"}
{"timestamp":"2025-02-11T14:26:32.737Z","service":"app","level":"info","message":"SSO Service running on port 3000"}
{"timestamp":"2025-02-11T14:28:46.128Z","service":"app","level":"info","message":"SSO Service running on port 3000"}
{"timestamp":"2025-02-11T14:31:54.970Z","service":"app","level":"info","message":"SSO Service running on port 3000"}
{"timestamp":"2025-02-11T14:32:29.104Z","service":"app","level":"info","message":"SSO Service running on port 3000"}
{"timestamp":"2025-02-11T14:32:29.895Z","service":"app","level":"info","message":"SSO Service running on port 3000"}
{"timestamp":"2025-02-11T14:41:44.058Z","service":"app","level":"info","message":"SSO Service running on port 3000"}
{"timestamp":"2025-02-11T15:19:09.687Z","service":"app","level":"info","message":"SSO Service running on port 3000"}
{"timestamp":"2025-02-11T15:22:45.037Z","service":"app","level":"info","message":"SSO Service running on port 3000"}
{"timestamp":"2025-02-11T15:23:16.186Z","service":"app","level":"info","message":"SSO Service running on port 3000"}
{"timestamp":"2025-02-11T15:37:12.968Z","service":"app","level":"info","message":"SSO Service running on port 3000"}
{"timestamp":"2025-02-11T15:38:28.166Z","service":"app","level":"info","message":"SSO Service running on port 3000"}
{"timestamp":"2025-02-11T15:38:47.026Z","service":"app","level":"error","message":{"requestId":"16d9030b-90ab-4dbe-8ab8-892e2b65f484","error":{},"method":"GET","url":"/login?client_id=demo-app","ip":"::1"}}
{"timestamp":"2025-02-11T15:39:18.082Z","service":"app","level":"error","message":{"requestId":"da856fa5-7f7a-474e-94ab-16aa17f60f89","error":{},"method":"GET","url":"/login?client_id=demo-app","ip":"::1"}}
{"timestamp":"2025-02-11T15:39:38.262Z","service":"app","level":"error","message":{"requestId":"97ad8c87-71e0-45f5-add0-5c3df6194ffb","error":{},"method":"GET","url":"/login?client_id=demo-app","ip":"::1"}}
{"timestamp":"2025-02-11T15:40:29.184Z","service":"app","level":"info","message":"SSO Service running on port 3000"}
{"timestamp":"2025-02-11T15:40:30.899Z","service":"app","level":"info","message":"SSO Service running on port 3000"}
{"timestamp":"2025-02-11T15:41:03.946Z","service":"app","level":"info","message":"SSO Service running on port 3000"}
{"timestamp":"2025-02-11T15:41:27.486Z","service":"app","level":"error","message":{"requestId":"716e50e8-7c27-4976-813c-4069e904d1e0","error":{},"method":"GET","url":"/login?client_id=demo-app","ip":"::1"}}
{"timestamp":"2025-02-11T15:42:53.748Z","service":"app","level":"info","message":"SSO Service running on port 3000"}
{"timestamp":"2025-02-11T15:42:54.472Z","service":"app","level":"info","message":"SSO Service running on port 3000"}
{"timestamp":"2025-02-11T15:43:05.263Z","service":"app","level":"error","message":{"requestId":"ed97bdb5-dc72-4776-9a39-ccdf589be575","error":{},"method":"GET","url":"/login?client_id=demo-app","ip":"::1"}}
{"timestamp":"2025-02-11T15:43:38.501Z","service":"app","level":"info","message":"SSO Service running on port 3000"}
{"timestamp":"2025-02-11T15:43:52.907Z","service":"app","level":"error","message":{"requestId":"4063f478-372c-4f5a-92c6-b39c517be8d3","error":{},"method":"GET","url":"/login?client_id=demo-app","ip":"::1"}}
{"timestamp":"2025-02-11T15:44:43.288Z","service":"app","level":"info","message":"SSO Service running on port 3000"}
{"timestamp":"2025-02-11T15:44:49.793Z","service":"app","level":"info","message":"SSO Service running on port 3000"}
{"timestamp":"2025-02-11T15:45:01.181Z","service":"app","level":"error","message":{"requestId":"7aa174ad-1aa5-401c-b592-ac936d8bea99","error":{"name":"Error","message":"secret option required for sessions","stack":"Error: secret option required for sessions\n    at session (/Users/shawncoe/Documents/dev/polkadot-sso/node_modules/express-session/index.js:204:12)\n    at Layer.handle [as handle_request] (/Users/shawncoe/Documents/dev/polkadot-sso/node_modules/express/lib/router/layer.js:95:5)\n    at trim_prefix (/Users/shawncoe/Documents/dev/polkadot-sso/node_modules/express/lib/router/index.js:328:13)\n    at /Users/shawncoe/Documents/dev/polkadot-sso/node_modules/express/lib/router/index.js:286:9\n    at Function.process_params (/Users/shawncoe/Documents/dev/polkadot-sso/node_modules/express/lib/router/index.js:346:12)\n    at next (/Users/shawncoe/Documents/dev/polkadot-sso/node_modules/express/lib/router/index.js:280:10)\n    at internalNext (/Users/shawncoe/Documents/dev/polkadot-sso/node_modules/helmet/index.cjs:537:6)\n    at xXssProtectionMiddleware (/Users/shawncoe/Documents/dev/polkadot-sso/node_modules/helmet/index.cjs:315:3)\n    at internalNext (/Users/shawncoe/Documents/dev/polkadot-sso/node_modules/helmet/index.cjs:535:6)\n    at xPoweredByMiddleware (/Users/shawncoe/Documents/dev/polkadot-sso/node_modules/helmet/index.cjs:308:3)","details":{}},"method":"GET","url":"/login?client_id=demo-app","query":{"client_id":"demo-app"},"body":{},"ip":"::1"}}
{"timestamp":"2025-02-11T15:46:00.108Z","service":"app","level":"info","message":"SSO Service running on port 3000"}
{"timestamp":"2025-02-11T15:50:49.397Z","service":"app","level":"info","message":"SSO Service running on port 3000"}
{"timestamp":"2025-02-11T15:51:05.890Z","service":"default","level":"info","message":"Login attempt","requestId":"722dbbfe-4115-4cd1-9da5-78b795a90410","method":"GET","url":"/login?client_id=demo-app","ip":"::1"}
{"timestamp":"2025-02-11T15:58:02.151Z","service":"default","level":"info","message":"Login attempt","requestId":"89824b95-22f3-4e67-86c0-0495a12b0eff","method":"GET","url":"/login?client_id=demo-app","ip":"::1"}
{"timestamp":"2025-02-11T16:04:58.949Z","service":"app","level":"info","message":"SSO Service running on port 3000"}
{"timestamp":"2025-02-11T16:05:08.955Z","service":"default","level":"info","message":"Login attempt","requestId":"1545aa74-9a66-4135-b1c8-ebb5d0834f4b","method":"GET","url":"/login?client_id=demo-app","ip":"::1"}
{"timestamp":"2025-07-06T18:11:29.000Z","service":"app","level":"info","message":"SSO Service running on port 3000"}
{"timestamp":"2025-07-06T18:11:55.601Z","service":"default","level":"info","message":"Login attempt","requestId":"e806d474-ab64-4e38-a5ed-9b35d22c5e60","method":"GET","url":"/login?client_id=demo-app","ip":"::1"}
{"timestamp":"2025-07-06T18:24:49.296Z","service":"default","level":"info","message":"Login attempt","requestId":"00cd1dfe-6652-4385-ac99-e983f60869c2","method":"GET","url":"/login?client_id=demo-app","ip":"::1"}
{"timestamp":"2025-07-06T18:44:57.284Z","service":"app","level":"info","message":"SSO Service running on port 3000"}
{"timestamp":"2025-07-06T18:45:25.016Z","service":"default","level":"info","message":"Login attempt","requestId":"9d1eb8f4-ba04-4b1d-9174-9ecdc65c82e6","method":"GET","url":"/login?client_id=demo-app","ip":"::1"}
{"timestamp":"2025-07-06T18:51:03.521Z","service":"app","level":"info","message":"SSO Service running on port 3000"}
{"timestamp":"2025-07-06T18:51:26.526Z","service":"default","level":"info","message":"Login attempt","requestId":"404e91bc-4ee2-4666-bc25-8144b078a49b","method":"GET","url":"/login?client_id=demo-app","ip":"::1"}
{"timestamp":"2025-08-20T19:02:27.964Z","service":"kusama-service","level":"info","message":"Initializing Kusama service","endpoint":"wss://kusama-rpc.polkadot.io"}
{"timestamp":"2025-08-20T19:02:29.402Z","service":"kusama-service","level":"info","message":"Kusama service initialized successfully"}
{"timestamp":"2025-08-20T19:02:29.621Z","service":"kusama-service","level":"info","message":"Kusama connection test successful","chain":"Kusama","nodeName":"Parity Polkadot","nodeVersion":"1.18.2-050919ba389","properties":{"isEthereum":false,"ss58Format":"2","tokenDecimals":["12"],"tokenSymbol":["KSM"]}}
{"timestamp":"2025-08-22T16:23:26.313Z","service":"app","level":"info","message":"SSO Service running on port 3000"}
{"timestamp":"2025-08-22T16:26:46.417Z","service":"app","level":"info","message":"SSO Service running on port 3000"}
{"timestamp":"2025-08-22T16:27:30.279Z","service":"app","level":"info","message":"SSO Service running on port 3000"}
{"timestamp":"2025-08-22T16:28:01.916Z","service":"default","level":"info","message":"Login attempt","requestId":"33a65aa4-dcf9-43fe-93ae-e6000f99d625","method":"GET","url":"/login?client_id=demo-app","ip":"::1"}
{"timestamp":"2025-08-22T16:29:47.615Z","service":"app","level":"info","message":"SSO Service running on port 3000"}
{"timestamp":"2025-08-22T16:29:50.499Z","service":"app","level":"info","message":"SSO Service running on port 3000"}
{"timestamp":"2025-08-22T16:30:20.295Z","service":"app","level":"info","message":"SSO Service running on port 3000"}
{"timestamp":"2025-08-22T16:33:04.231Z","service":"app","level":"info","message":"SSO Service running on port 3000"}
{"timestamp":"2025-08-22T16:33:38.825Z","service":"app","level":"info","message":"SSO Service running on port 3000"}
{"timestamp":"2025-08-22T16:34:55.360Z","service":"default","level":"info","message":"Login attempt","requestId":"eed881fe-0910-4af6-bc70-4726b35e3bcd","method":"GET","url":"/login?client_id=demo-app","ip":"::1"}
{"timestamp":"2025-08-22T16:36:09.287Z","service":"app","level":"info","message":"SSO Service running on port 3000"}
{"timestamp":"2025-08-22T16:36:24.387Z","service":"app","level":"info","message":"SSO Service running on port 3000"}
{"timestamp":"2025-08-22T16:36:56.739Z","service":"default","level":"info","message":"Login attempt","requestId":"65fd885e-8c04-4fcd-9dd1-7bca150a79b6","method":"GET","url":"/login?client_id=demo-app","ip":"::1"}
{"timestamp":"2025-08-22T16:37:01.403Z","service":"default","level":"info","message":"Login attempt","requestId":"7b1b9bb2-45e2-4896-91f1-2decfd5819d3","method":"GET","url":"/login?client_id=demo-app","ip":"::1"}
{"timestamp":"2025-08-22T16:38:11.235Z","service":"app","level":"info","message":"SSO Service running on port 3000"}
{"timestamp":"2025-08-22T16:38:50.676Z","service":"default","level":"info","message":"Login attempt","requestId":"18580a9a-0b75-498d-bdf5-73887d040b9f","method":"GET","url":"/login?client_id=demo-app","ip":"::1"}
{"timestamp":"2025-08-22T16:40:07.369Z","service":"app","level":"info","message":"SSO Service running on port 3000"}
{"timestamp":"2025-08-22T16:40:27.149Z","service":"app","level":"info","message":"SSO Service running on port 3000"}
{"timestamp":"2025-08-22T16:40:58.651Z","service":"default","level":"info","message":"Login attempt","requestId":"24b8c5fa-c5fe-4ff6-9960-013f80d604dc","method":"GET","url":"/login?client_id=demo-app","ip":"::1"}
{"timestamp":"2025-08-22T16:45:27.535Z","service":"app","level":"info","message":"SSO Service running on port 3000"}
{"timestamp":"2025-08-22T16:45:45.688Z","service":"app","level":"info","message":"SSO Service running on port 3000"}
{"timestamp":"2025-08-22T16:45:48.984Z","service":"app","level":"info","message":"SSO Service running on port 3000"}
{"timestamp":"2025-08-22T16:46:09.379Z","service":"default","level":"info","message":"Login attempt","requestId":"e0548424-9e0f-4d57-9af3-3f805ea7780f","method":"GET","url":"/login?client_id=demo-app","ip":"::1"}
{"timestamp":"2025-08-22T16:54:57.501Z","service":"app","level":"info","message":"SSO Service running on port 3000"}
{"timestamp":"2025-08-22T16:55:29.742Z","service":"app","level":"info","message":"SSO Service running on port 3000"}
{"timestamp":"2025-08-22T16:57:10.736Z","service":"app","level":"info","message":"SSO Service running on port 3000"}
